[35m[Appium][39m Welcome to Appium v1.20.0
[35m[Appium][39m Non-default server args:
[35m[Appium][39m   port: 53665
[35m[Appium][39m   loglevel: info
[35m[Appium][39m   tmpDir: C:\Users\HENDRA~1\AppData\Local\Temp\\Katalon\Appium\Temp1610090509275
[35m[Appium][39m   chromedriverPort: 53666
[35m[Appium][39m Deprecated server args:
[35m[Appium][39m   [31m--chromedriver-port[39m => --default-capabilities
[35m[Appium][39m Default capabilities, which will be added to each request unless overridden by desired capabilities:
[35m[Appium][39m   chromedriverPort: 53666
[35m[Appium][39m Appium REST http interface listener started on 0.0.0.0:53665
[35m[HTTP][39m [37m-->[39m [37mGET[39m [37m/wd/hub/status[39m
[35m[HTTP][39m [90m{}[39m
[35m[HTTP][39m [37m<-- GET /wd/hub/status [39m[32m200[39m [90m31 ms - 68[39m
[35m[HTTP][39m [90m[39m
[35m[HTTP][39m [37m-->[39m [37mGET[39m [37m/wd/hub/status[39m
[35m[HTTP][39m [90m{}[39m
[35m[HTTP][39m [37m<-- GET /wd/hub/status [39m[32m200[39m [90m7 ms - 68[39m
[35m[HTTP][39m [90m[39m
[35m[HTTP][39m [37m-->[39m [37mPOST[39m [37m/wd/hub/session[39m
[35m[HTTP][39m [90m{"desiredCapabilities":{"app":"C:\\Users\\hendradrf\\Downloads\\ar-tembang-dolanan-anak_1.0.14.apk","noReset":true,"deviceName":"samsung SM-M115F (Android 10)","fullReset":false,"platform":"ANDROID","newCommandTimeout":1800,"platformVersion":"10","automationName":"uiautomator2","autoGrantPermissions":true,"platformName":"Android","udid":"R9RN501DGRL","systemPort":53678},"capabilities":{"firstMatch":[{"appium:app":"C:\\Users\\hendradrf\\Downloads\\ar-tembang-dolanan-anak_1.0.14.apk","appium:autoGrantPermissions":true,"appium:automationName":"uiautomator2","appium:deviceName":"samsung SM-M115F (Android 10)","appium:fullReset":false,"appium:newCommandTimeout":1800,"appium:noReset":true,"platform":"ANDROID","platformName":"android","appium:platformVersion":"10","appium:systemPort":53678,"appium:udid":"R9RN501DGRL"}]}}[39m
[35m[BaseDriver][39m The following capabilities are not standard capabilities and should have an extension prefix:
[35m[BaseDriver][39m   platform
[35m[BaseDriver][39m   chromedriverPort
[35m[Appium][39m Appium v1.20.0 creating new AndroidUiautomator2Driver (v1.60.0) session
[35m[BaseDriver][39m The following capabilities were provided, but are not recognized by Appium:
[35m[BaseDriver][39m   platform
[35m[BaseDriver][39m Session created with session id: 2fc48a64-3414-414b-b96c-13614f79e8bf
[35m[BaseDriver][39m Using local app 'C:\Users\hendradrf\Downloads\ar-tembang-dolanan-anak_1.0.14.apk'
[35m[ADB][39m Found 1 'build-tools' folders under 'C:\Users\hendradrf\.katalon\tools\android_sdk' (newest first):
[35m[ADB][39m     C:/Users/hendradrf/.katalon/tools/android_sdk/build-tools/29.0.3
[35m[ADB][39m Using 'adb.exe' from 'C:\Users\hendradrf\.katalon\tools\android_sdk\platform-tools\adb.exe'
[35m[AndroidDriver][39m Retrieving device list
[35m[AndroidDriver][39m Using device: R9RN501DGRL
[35m[ADB][39m Using 'adb.exe' from 'C:\Users\hendradrf\.katalon\tools\android_sdk\platform-tools\adb.exe'
[35m[ADB][39m Getting device platform version
[35m[UiAutomator2][39m Relaxing hidden api policy
[35m[ADB][39m Package name: 'com.Arutala.ARTembangDolananAnak'
[35m[ADB][39m Main activity name: 'com.unity3d.player.UnityPlayerActivity'
[35m[ADB][39m Using 'apksigner.jar' from 'C:\Users\hendradrf\.katalon\tools\android_sdk\build-tools\29.0.3\lib\apksigner.jar'
[35m[ADB][39m 'C:\Users\hendradrf\AppData\Roaming\npm\node_modules\appium\node_modules\appium-uiautomator2-server\apks\appium-uiautomator2-server-v4.17.2.apk' is signed with the default certificate
[35m[ADB][39m 'C:\Users\hendradrf\AppData\Roaming\npm\node_modules\appium\node_modules\appium-uiautomator2-server\apks\appium-uiautomator2-server-debug-androidTest.apk' is signed with the default certificate
[35m[UiAutomator2][39m Server packages are not going to be (re)installed
[35m[ADB][39m Adding packages ["io.appium.settings","io.appium.uiautomator2.server","io.appium.uiautomator2.server.test"] to Doze whitelist
[35m[ADB][39m 'C:\Users\hendradrf\Downloads\ar-tembang-dolanan-anak_1.0.14.apk' is signed with a non-default certificate
[35m[UiAutomator2][39m Starting UIAutomator2 server 4.17.2
[35m[UiAutomator2][39m Using UIAutomator2 server from 'C:\Users\hendradrf\AppData\Roaming\npm\node_modules\appium\node_modules\appium-uiautomator2-server\apks\appium-uiautomator2-server-v4.17.2.apk' and test from 'C:\Users\hendradrf\AppData\Roaming\npm\node_modules\appium\node_modules\appium-uiautomator2-server\apks\appium-uiautomator2-server-debug-androidTest.apk'
[35m[UiAutomator2][39m Waiting up to 30000ms for UiAutomator2 to be online...
[35m[WD Proxy][39m socket hang up
[35m[WD Proxy][39m socket hang up
[35m[WD Proxy][39m socket hang up
[35m[WD Proxy][39m socket hang up
[35m[WD Proxy][39m socket hang up
[35m[WD Proxy][39m Determined the downstream protocol as 'W3C'
[35m[AndroidDriver][39m Screen already unlocked, doing nothing
[35m[UiAutomator2][39m Starting 'com.Arutala.ARTembangDolananAnak/com.unity3d.player.UnityPlayerActivity and waiting for 'com.Arutala.ARTembangDolananAnak/com.unity3d.player.UnityPlayerActivity'
[35m[Appium][39m New AndroidUiautomator2Driver session created successfully, session 2fc48a64-3414-414b-b96c-13614f79e8bf added to master session list
[35m[HTTP][39m [37m<-- POST /wd/hub/session [39m[32m200[39m [90m43496 ms - 1299[39m
[35m[HTTP][39m [90m[39m
[35m[HTTP][39m [37m-->[39m [37mGET[39m [37m/wd/hub/session/2fc48a64-3414-414b-b96c-13614f79e8bf[39m
[35m[HTTP][39m [90m{}[39m
[35m[HTTP][39m [37m<-- GET /wd/hub/session/2fc48a64-3414-414b-b96c-13614f79e8bf [39m[32m200[39m [90m41 ms - 1253[39m
[35m[HTTP][39m [90m[39m
[35m[HTTP][39m [37m-->[39m [37mGET[39m [37m/wd/hub/session/2fc48a64-3414-414b-b96c-13614f79e8bf[39m
[35m[HTTP][39m [90m{}[39m
[35m[HTTP][39m [37m<-- GET /wd/hub/session/2fc48a64-3414-414b-b96c-13614f79e8bf [39m[32m200[39m [90m36 ms - 1253[39m
[35m[HTTP][39m [90m[39m
[35m[HTTP][39m [37m-->[39m [37mGET[39m [37m/wd/hub/status[39m
[35m[HTTP][39m [90m{}[39m
[35m[HTTP][39m [37m<-- GET /wd/hub/status [39m[32m200[39m [90m5 ms - 68[39m
[35m[HTTP][39m [90m[39m
[35m[HTTP][39m [37m-->[39m [37mPOST[39m [37m/wd/hub/session/2fc48a64-3414-414b-b96c-13614f79e8bf/timeouts[39m
[35m[HTTP][39m [90m{"implicit":60000}[39m
[35m[HTTP][39m [37m<-- POST /wd/hub/session/2fc48a64-3414-414b-b96c-13614f79e8bf/timeouts [39m[32m200[39m [90m18 ms - 14[39m
[35m[HTTP][39m [90m[39m
[35m[HTTP][39m [37m-->[39m [37mGET[39m [37m/wd/hub/session/2fc48a64-3414-414b-b96c-13614f79e8bf/source[39m
[35m[HTTP][39m [90m{}[39m
[35m[W3C (2fc48a64)][39m Driver proxy active, passing request on via HTTP proxy
[35m[WD Proxy][39m Replacing sessionId 4247d9d2-72a0-4246-81bd-7040090d5814 with 2fc48a64-3414-414b-b96c-13614f79e8bf
[35m[HTTP][39m [37m<-- GET /wd/hub/session/2fc48a64-3414-414b-b96c-13614f79e8bf/source [39m[32m200[39m [90m194 ms - 2793[39m
[35m[HTTP][39m [90m[39m
[35m[HTTP][39m [37m-->[39m [37mGET[39m [37m/wd/hub/session/2fc48a64-3414-414b-b96c-13614f79e8bf/screenshot[39m
[35m[HTTP][39m [90m{}[39m
[35m[HTTP][39m [37m<-- GET /wd/hub/session/2fc48a64-3414-414b-b96c-13614f79e8bf/screenshot [39m[32m200[39m [90m614 ms - 10572[39m
[35m[HTTP][39m [90m[39m
[35m[HTTP][39m [37m-->[39m [37mPOST[39m [37m/wd/hub/session/2fc48a64-3414-414b-b96c-13614f79e8bf/elements[39m
[35m[HTTP][39m [90m{"using":"xpath","value":"//*[@class = 'android.view.View' and (@text = '' or . = '')]"}[39m
[35m[HTTP][39m [37m<-- POST /wd/hub/session/2fc48a64-3414-414b-b96c-13614f79e8bf/elements [39m[32m200[39m [90m591 ms - 139[39m
[35m[HTTP][39m [90m[39m
[35m[HTTP][39m [37m-->[39m [37mGET[39m [37m/wd/hub/session/2fc48a64-3414-414b-b96c-13614f79e8bf/window/rect[39m
[35m[HTTP][39m [90m{}[39m
[35m[HTTP][39m [37m<-- GET /wd/hub/session/2fc48a64-3414-414b-b96c-13614f79e8bf/window/rect [39m[32m200[39m [90m84 ms - 49[39m
[35m[HTTP][39m [90m[39m
[35m[HTTP][39m [37m-->[39m [37mPOST[39m [37m/wd/hub/session/2fc48a64-3414-414b-b96c-13614f79e8bf/elements[39m
[35m[HTTP][39m [90m{"using":"xpath","value":"//*[@class = 'android.view.View' and (@text = '' or . = '')]"}[39m
[35m[HTTP][39m [37m<-- POST /wd/hub/session/2fc48a64-3414-414b-b96c-13614f79e8bf/elements [39m[32m200[39m [90m91 ms - 139[39m
[35m[HTTP][39m [90m[39m
[35m[HTTP][39m [37m-->[39m [37mGET[39m [37m/wd/hub/session/2fc48a64-3414-414b-b96c-13614f79e8bf/element/0691f515-d90c-4850-b407-f41cc5276d4f/location[39m
[35m[HTTP][39m [90m{}[39m
[35m[W3C (2fc48a64)][39m Driver proxy active, passing request on via HTTP proxy
[35m[WD Proxy][39m Replacing sessionId 4247d9d2-72a0-4246-81bd-7040090d5814 with 2fc48a64-3414-414b-b96c-13614f79e8bf
[35m[HTTP][39m [37m<-- GET /wd/hub/session/2fc48a64-3414-414b-b96c-13614f79e8bf/element/0691f515-d90c-4850-b407-f41cc5276d4f/location [39m[32m200[39m [90m75 ms - 74[39m
[35m[HTTP][39m [90m[39m
[35m[HTTP][39m [37m-->[39m [37mPOST[39m [37m/wd/hub/session/2fc48a64-3414-414b-b96c-13614f79e8bf/touch/perform[39m
[35m[HTTP][39m [90m{"actions":[{"action":"tap","options":{"x":1,"y":1,"element":"0691f515-d90c-4850-b407-f41cc5276d4f"}}]}[39m
[35m[UiAutomator2][39m calling get location: 0691f515-d90c-4850-b407-f41cc5276d4f
[35m[HTTP][39m [37m<-- POST /wd/hub/session/2fc48a64-3414-414b-b96c-13614f79e8bf/touch/perform [39m[32m200[39m [90m348 ms - 14[39m
[35m[HTTP][39m [90m[39m
[35m[HTTP][39m [37m-->[39m [37mGET[39m [37m/wd/hub/session/2fc48a64-3414-414b-b96c-13614f79e8bf/source[39m
[35m[HTTP][39m [90m{}[39m
[35m[W3C (2fc48a64)][39m Driver proxy active, passing request on via HTTP proxy
[35m[WD Proxy][39m Replacing sessionId 4247d9d2-72a0-4246-81bd-7040090d5814 with 2fc48a64-3414-414b-b96c-13614f79e8bf
[35m[HTTP][39m [37m<-- GET /wd/hub/session/2fc48a64-3414-414b-b96c-13614f79e8bf/source [39m[32m200[39m [90m119 ms - 2420[39m
[35m[HTTP][39m [90m[39m
[35m[HTTP][39m [37m-->[39m [37mGET[39m [37m/wd/hub/session/2fc48a64-3414-414b-b96c-13614f79e8bf/screenshot[39m
[35m[HTTP][39m [90m{}[39m
[35m[HTTP][39m [37m<-- GET /wd/hub/session/2fc48a64-3414-414b-b96c-13614f79e8bf/screenshot [39m[32m200[39m [90m1711 ms - 476494[39m
[35m[HTTP][39m [90m[39m
[35m[HTTP][39m [37m-->[39m [37mPOST[39m [37m/wd/hub/session/2fc48a64-3414-414b-b96c-13614f79e8bf/elements[39m
[35m[HTTP][39m [90m{"using":"xpath","value":"//*[@class = 'android.view.View' and @resource-id = 'com.Arutala.ARTembangDolananAnak:id/unitySurfaceView' and (@text = '' or . = '')]"}[39m
[35m[HTTP][39m [37m<-- POST /wd/hub/session/2fc48a64-3414-414b-b96c-13614f79e8bf/elements [39m[32m200[39m [90m102 ms - 139[39m
[35m[HTTP][39m [90m[39m
[35m[HTTP][39m [37m-->[39m [37mGET[39m [37m/wd/hub/session/2fc48a64-3414-414b-b96c-13614f79e8bf/window/rect[39m
[35m[HTTP][39m [90m{}[39m
[35m[HTTP][39m [37m<-- GET /wd/hub/session/2fc48a64-3414-414b-b96c-13614f79e8bf/window/rect [39m[32m200[39m [90m72 ms - 49[39m
[35m[HTTP][39m [90m[39m
[35m[HTTP][39m [37m-->[39m [37mPOST[39m [37m/wd/hub/session/2fc48a64-3414-414b-b96c-13614f79e8bf/elements[39m
[35m[HTTP][39m [90m{"using":"xpath","value":"//*[@class = 'android.view.View' and @resource-id = 'com.Arutala.ARTembangDolananAnak:id/unitySurfaceView' and (@text = '' or . = '')]"}[39m
[35m[HTTP][39m [37m<-- POST /wd/hub/session/2fc48a64-3414-414b-b96c-13614f79e8bf/elements [39m[32m200[39m [90m105 ms - 139[39m
[35m[HTTP][39m [90m[39m
[35m[HTTP][39m [37m-->[39m [37mGET[39m [37m/wd/hub/session/2fc48a64-3414-414b-b96c-13614f79e8bf/element/d98616ea-3774-483e-b848-dad9fa564d26/location[39m
[35m[HTTP][39m [90m{}[39m
[35m[W3C (2fc48a64)][39m Driver proxy active, passing request on via HTTP proxy
[35m[WD Proxy][39m Replacing sessionId 4247d9d2-72a0-4246-81bd-7040090d5814 with 2fc48a64-3414-414b-b96c-13614f79e8bf
[35m[HTTP][39m [37m<-- GET /wd/hub/session/2fc48a64-3414-414b-b96c-13614f79e8bf/element/d98616ea-3774-483e-b848-dad9fa564d26/location [39m[32m200[39m [90m45 ms - 74[39m
[35m[HTTP][39m [90m[39m
[35m[HTTP][39m [37m-->[39m [37mPOST[39m [37m/wd/hub/session/2fc48a64-3414-414b-b96c-13614f79e8bf/touch/perform[39m
[35m[HTTP][39m [90m{"actions":[{"action":"tap","options":{"x":1,"y":1,"element":"d98616ea-3774-483e-b848-dad9fa564d26"}}]}[39m
[35m[UiAutomator2][39m calling get location: d98616ea-3774-483e-b848-dad9fa564d26
[35m[HTTP][39m [37m<-- POST /wd/hub/session/2fc48a64-3414-414b-b96c-13614f79e8bf/touch/perform [39m[32m200[39m [90m284 ms - 14[39m
[35m[HTTP][39m [90m[39m
[35m[HTTP][39m [37m-->[39m [37mGET[39m [37m/wd/hub/session/2fc48a64-3414-414b-b96c-13614f79e8bf/source[39m
[35m[HTTP][39m [90m{}[39m
[35m[W3C (2fc48a64)][39m Driver proxy active, passing request on via HTTP proxy
[35m[WD Proxy][39m Replacing sessionId 4247d9d2-72a0-4246-81bd-7040090d5814 with 2fc48a64-3414-414b-b96c-13614f79e8bf
[35m[HTTP][39m [37m<-- GET /wd/hub/session/2fc48a64-3414-414b-b96c-13614f79e8bf/source [39m[32m200[39m [90m104 ms - 2420[39m
[35m[HTTP][39m [90m[39m
[35m[HTTP][39m [37m-->[39m [37mGET[39m [37m/wd/hub/session/2fc48a64-3414-414b-b96c-13614f79e8bf/screenshot[39m
[35m[HTTP][39m [90m{}[39m
[35m[HTTP][39m [37m<-- GET /wd/hub/session/2fc48a64-3414-414b-b96c-13614f79e8bf/screenshot [39m[32m200[39m [90m983 ms - 415178[39m
[35m[HTTP][39m [90m[39m
[35m[HTTP][39m [37m-->[39m [37mPOST[39m [37m/wd/hub/session/2fc48a64-3414-414b-b96c-13614f79e8bf/elements[39m
[35m[HTTP][39m [90m{"using":"xpath","value":"//*[@class = 'android.view.View' and @resource-id = 'com.Arutala.ARTembangDolananAnak:id/unitySurfaceView' and (@text = '' or . = '')]"}[39m
[35m[HTTP][39m [37m<-- POST /wd/hub/session/2fc48a64-3414-414b-b96c-13614f79e8bf/elements [39m[32m200[39m [90m121 ms - 139[39m
[35m[HTTP][39m [90m[39m
[35m[HTTP][39m [37m-->[39m [37mGET[39m [37m/wd/hub/session/2fc48a64-3414-414b-b96c-13614f79e8bf/window/rect[39m
[35m[HTTP][39m [90m{}[39m
[35m[HTTP][39m [37m<-- GET /wd/hub/session/2fc48a64-3414-414b-b96c-13614f79e8bf/window/rect [39m[32m200[39m [90m37 ms - 49[39m
[35m[HTTP][39m [90m[39m
[35m[HTTP][39m [37m-->[39m [37mPOST[39m [37m/wd/hub/session/2fc48a64-3414-414b-b96c-13614f79e8bf/elements[39m
[35m[HTTP][39m [90m{"using":"xpath","value":"//*[@class = 'android.view.View' and @resource-id = 'com.Arutala.ARTembangDolananAnak:id/unitySurfaceView' and (@text = '' or . = '')]"}[39m
[35m[HTTP][39m [37m<-- POST /wd/hub/session/2fc48a64-3414-414b-b96c-13614f79e8bf/elements [39m[32m200[39m [90m101 ms - 139[39m
[35m[HTTP][39m [90m[39m
[35m[HTTP][39m [37m-->[39m [37mGET[39m [37m/wd/hub/session/2fc48a64-3414-414b-b96c-13614f79e8bf/element/d98616ea-3774-483e-b848-dad9fa564d26/location[39m
[35m[HTTP][39m [90m{}[39m
[35m[W3C (2fc48a64)][39m Driver proxy active, passing request on via HTTP proxy
[35m[WD Proxy][39m Replacing sessionId 4247d9d2-72a0-4246-81bd-7040090d5814 with 2fc48a64-3414-414b-b96c-13614f79e8bf
[35m[HTTP][39m [37m<-- GET /wd/hub/session/2fc48a64-3414-414b-b96c-13614f79e8bf/element/d98616ea-3774-483e-b848-dad9fa564d26/location [39m[32m200[39m [90m41 ms - 74[39m
[35m[HTTP][39m [90m[39m
[35m[HTTP][39m [37m-->[39m [37mPOST[39m [37m/wd/hub/session/2fc48a64-3414-414b-b96c-13614f79e8bf/touch/perform[39m
[35m[HTTP][39m [90m{"actions":[{"action":"tap","options":{"x":1,"y":1,"element":"d98616ea-3774-483e-b848-dad9fa564d26"}}]}[39m
[35m[UiAutomator2][39m calling get location: d98616ea-3774-483e-b848-dad9fa564d26
[35m[HTTP][39m [37m<-- POST /wd/hub/session/2fc48a64-3414-414b-b96c-13614f79e8bf/touch/perform [39m[32m200[39m [90m267 ms - 14[39m
[35m[HTTP][39m [90m[39m
[35m[HTTP][39m [37m-->[39m [37mGET[39m [37m/wd/hub/session/2fc48a64-3414-414b-b96c-13614f79e8bf/source[39m
[35m[HTTP][39m [90m{}[39m
[35m[W3C (2fc48a64)][39m Driver proxy active, passing request on via HTTP proxy
[35m[WD Proxy][39m Replacing sessionId 4247d9d2-72a0-4246-81bd-7040090d5814 with 2fc48a64-3414-414b-b96c-13614f79e8bf
[35m[HTTP][39m [37m<-- GET /wd/hub/session/2fc48a64-3414-414b-b96c-13614f79e8bf/source [39m[32m200[39m [90m197 ms - 2420[39m
[35m[HTTP][39m [90m[39m
[35m[HTTP][39m [37m-->[39m [37mGET[39m [37m/wd/hub/session/2fc48a64-3414-414b-b96c-13614f79e8bf/screenshot[39m
[35m[HTTP][39m [90m{}[39m
[35m[HTTP][39m [37m<-- GET /wd/hub/session/2fc48a64-3414-414b-b96c-13614f79e8bf/screenshot [39m[32m200[39m [90m1008 ms - 427978[39m
[35m[HTTP][39m [90m[39m
[35m[HTTP][39m [37m-->[39m [37mPOST[39m [37m/wd/hub/session/2fc48a64-3414-414b-b96c-13614f79e8bf/elements[39m
[35m[HTTP][39m [90m{"using":"xpath","value":"//*[@class = 'android.view.View' and @resource-id = 'com.Arutala.ARTembangDolananAnak:id/unitySurfaceView' and (@text = '' or . = '')]"}[39m
[35m[HTTP][39m [37m<-- POST /wd/hub/session/2fc48a64-3414-414b-b96c-13614f79e8bf/elements [39m[32m200[39m [90m183 ms - 139[39m
[35m[HTTP][39m [90m[39m
[35m[HTTP][39m [37m-->[39m [37mGET[39m [37m/wd/hub/session/2fc48a64-3414-414b-b96c-13614f79e8bf/window/rect[39m
[35m[HTTP][39m [90m{}[39m
[35m[HTTP][39m [37m<-- GET /wd/hub/session/2fc48a64-3414-414b-b96c-13614f79e8bf/window/rect [39m[32m200[39m [90m46 ms - 49[39m
[35m[HTTP][39m [90m[39m
[35m[HTTP][39m [37m-->[39m [37mPOST[39m [37m/wd/hub/session/2fc48a64-3414-414b-b96c-13614f79e8bf/elements[39m
[35m[HTTP][39m [90m{"using":"xpath","value":"//*[@class = 'android.view.View' and @resource-id = 'com.Arutala.ARTembangDolananAnak:id/unitySurfaceView' and (@text = '' or . = '')]"}[39m
[35m[HTTP][39m [37m<-- POST /wd/hub/session/2fc48a64-3414-414b-b96c-13614f79e8bf/elements [39m[32m200[39m [90m103 ms - 139[39m
[35m[HTTP][39m [90m[39m
[35m[HTTP][39m [37m-->[39m [37mGET[39m [37m/wd/hub/session/2fc48a64-3414-414b-b96c-13614f79e8bf/element/d98616ea-3774-483e-b848-dad9fa564d26/location[39m
[35m[HTTP][39m [90m{}[39m
[35m[W3C (2fc48a64)][39m Driver proxy active, passing request on via HTTP proxy
[35m[WD Proxy][39m Replacing sessionId 4247d9d2-72a0-4246-81bd-7040090d5814 with 2fc48a64-3414-414b-b96c-13614f79e8bf
[35m[HTTP][39m [37m<-- GET /wd/hub/session/2fc48a64-3414-414b-b96c-13614f79e8bf/element/d98616ea-3774-483e-b848-dad9fa564d26/location [39m[32m200[39m [90m59 ms - 74[39m
[35m[HTTP][39m [90m[39m
[35m[HTTP][39m [37m-->[39m [37mPOST[39m [37m/wd/hub/session/2fc48a64-3414-414b-b96c-13614f79e8bf/touch/perform[39m
[35m[HTTP][39m [90m{"actions":[{"action":"tap","options":{"x":1,"y":1,"element":"d98616ea-3774-483e-b848-dad9fa564d26"}}]}[39m
[35m[UiAutomator2][39m calling get location: d98616ea-3774-483e-b848-dad9fa564d26
[35m[HTTP][39m [37m<-- POST /wd/hub/session/2fc48a64-3414-414b-b96c-13614f79e8bf/touch/perform [39m[32m200[39m [90m372 ms - 14[39m
[35m[HTTP][39m [90m[39m
[35m[HTTP][39m [37m-->[39m [37mGET[39m [37m/wd/hub/session/2fc48a64-3414-414b-b96c-13614f79e8bf/source[39m
[35m[HTTP][39m [90m{}[39m
[35m[W3C (2fc48a64)][39m Driver proxy active, passing request on via HTTP proxy
[35m[WD Proxy][39m Replacing sessionId 4247d9d2-72a0-4246-81bd-7040090d5814 with 2fc48a64-3414-414b-b96c-13614f79e8bf
[35m[HTTP][39m [37m<-- GET /wd/hub/session/2fc48a64-3414-414b-b96c-13614f79e8bf/source [39m[32m200[39m [90m98 ms - 2420[39m
[35m[HTTP][39m [90m[39m
[35m[HTTP][39m [37m-->[39m [37mGET[39m [37m/wd/hub/session/2fc48a64-3414-414b-b96c-13614f79e8bf/screenshot[39m
[35m[HTTP][39m [90m{}[39m
[35m[HTTP][39m [37m<-- GET /wd/hub/session/2fc48a64-3414-414b-b96c-13614f79e8bf/screenshot [39m[32m200[39m [90m1119 ms - 494906[39m
[35m[HTTP][39m [90m[39m
[35m[HTTP][39m [37m-->[39m [37mPOST[39m [37m/wd/hub/session/2fc48a64-3414-414b-b96c-13614f79e8bf/elements[39m
[35m[HTTP][39m [90m{"using":"xpath","value":"//*[@class = 'android.view.View' and @resource-id = 'com.Arutala.ARTembangDolananAnak:id/unitySurfaceView' and (@text = '' or . = '')]"}[39m
[35m[HTTP][39m [37m<-- POST /wd/hub/session/2fc48a64-3414-414b-b96c-13614f79e8bf/elements [39m[32m200[39m [90m175 ms - 139[39m
[35m[HTTP][39m [90m[39m
[35m[HTTP][39m [37m-->[39m [37mGET[39m [37m/wd/hub/session/2fc48a64-3414-414b-b96c-13614f79e8bf/window/rect[39m
[35m[HTTP][39m [90m{}[39m
[35m[HTTP][39m [37m<-- GET /wd/hub/session/2fc48a64-3414-414b-b96c-13614f79e8bf/window/rect [39m[32m200[39m [90m41 ms - 49[39m
[35m[HTTP][39m [90m[39m
[35m[HTTP][39m [37m-->[39m [37mPOST[39m [37m/wd/hub/session/2fc48a64-3414-414b-b96c-13614f79e8bf/elements[39m
[35m[HTTP][39m [90m{"using":"xpath","value":"//*[@class = 'android.view.View' and @resource-id = 'com.Arutala.ARTembangDolananAnak:id/unitySurfaceView' and (@text = '' or . = '')]"}[39m
[35m[HTTP][39m [37m<-- POST /wd/hub/session/2fc48a64-3414-414b-b96c-13614f79e8bf/elements [39m[32m200[39m [90m93 ms - 139[39m
[35m[HTTP][39m [90m[39m
[35m[HTTP][39m [37m-->[39m [37mGET[39m [37m/wd/hub/session/2fc48a64-3414-414b-b96c-13614f79e8bf/element/d98616ea-3774-483e-b848-dad9fa564d26/location[39m
[35m[HTTP][39m [90m{}[39m
[35m[W3C (2fc48a64)][39m Driver proxy active, passing request on via HTTP proxy
[35m[WD Proxy][39m Replacing sessionId 4247d9d2-72a0-4246-81bd-7040090d5814 with 2fc48a64-3414-414b-b96c-13614f79e8bf
[35m[HTTP][39m [37m<-- GET /wd/hub/session/2fc48a64-3414-414b-b96c-13614f79e8bf/element/d98616ea-3774-483e-b848-dad9fa564d26/location [39m[32m200[39m [90m54 ms - 74[39m
[35m[HTTP][39m [90m[39m
[35m[HTTP][39m [37m-->[39m [37mPOST[39m [37m/wd/hub/session/2fc48a64-3414-414b-b96c-13614f79e8bf/touch/perform[39m
[35m[HTTP][39m [90m{"actions":[{"action":"tap","options":{"x":1,"y":1,"element":"d98616ea-3774-483e-b848-dad9fa564d26"}}]}[39m
[35m[UiAutomator2][39m calling get location: d98616ea-3774-483e-b848-dad9fa564d26
[35m[HTTP][39m [37m<-- POST /wd/hub/session/2fc48a64-3414-414b-b96c-13614f79e8bf/touch/perform [39m[32m200[39m [90m263 ms - 14[39m
[35m[HTTP][39m [90m[39m
[35m[HTTP][39m [37m-->[39m [37mGET[39m [37m/wd/hub/session/2fc48a64-3414-414b-b96c-13614f79e8bf/source[39m
[35m[HTTP][39m [90m{}[39m
[35m[W3C (2fc48a64)][39m Driver proxy active, passing request on via HTTP proxy
[35m[WD Proxy][39m Replacing sessionId 4247d9d2-72a0-4246-81bd-7040090d5814 with 2fc48a64-3414-414b-b96c-13614f79e8bf
[35m[HTTP][39m [37m<-- GET /wd/hub/session/2fc48a64-3414-414b-b96c-13614f79e8bf/source [39m[32m200[39m [90m169 ms - 2420[39m
[35m[HTTP][39m [90m[39m
[35m[HTTP][39m [37m-->[39m [37mGET[39m [37m/wd/hub/session/2fc48a64-3414-414b-b96c-13614f79e8bf/screenshot[39m
[35m[HTTP][39m [90m{}[39m
[35m[HTTP][39m [37m<-- GET /wd/hub/session/2fc48a64-3414-414b-b96c-13614f79e8bf/screenshot [39m[32m200[39m [90m983 ms - 287118[39m
[35m[HTTP][39m [90m[39m
[35m[HTTP][39m [37m-->[39m [37mPOST[39m [37m/wd/hub/session/2fc48a64-3414-414b-b96c-13614f79e8bf/elements[39m
[35m[HTTP][39m [90m{"using":"xpath","value":"//*[@class = 'android.view.View' and @resource-id = 'com.Arutala.ARTembangDolananAnak:id/unitySurfaceView' and (@text = '' or . = '')]"}[39m
[35m[HTTP][39m [37m<-- POST /wd/hub/session/2fc48a64-3414-414b-b96c-13614f79e8bf/elements [39m[32m200[39m [90m19239 ms - 139[39m
[35m[HTTP][39m [90m[39m
[35m[HTTP][39m [37m-->[39m [37mGET[39m [37m/wd/hub/session/2fc48a64-3414-414b-b96c-13614f79e8bf/window/rect[39m
[35m[HTTP][39m [90m{}[39m
[35m[HTTP][39m [37m<-- GET /wd/hub/session/2fc48a64-3414-414b-b96c-13614f79e8bf/window/rect [39m[32m200[39m [90m88 ms - 49[39m
[35m[HTTP][39m [90m[39m
[35m[HTTP][39m [37m-->[39m [37mPOST[39m [37m/wd/hub/session/2fc48a64-3414-414b-b96c-13614f79e8bf/elements[39m
[35m[HTTP][39m [90m{"using":"xpath","value":"//*[@class = 'android.view.View' and @resource-id = 'com.Arutala.ARTembangDolananAnak:id/unitySurfaceView' and (@text = '' or . = '')]"}[39m
[35m[HTTP][39m [37m<-- POST /wd/hub/session/2fc48a64-3414-414b-b96c-13614f79e8bf/elements [39m[32m200[39m [90m79 ms - 139[39m
[35m[HTTP][39m [90m[39m
[35m[HTTP][39m [37m-->[39m [37mGET[39m [37m/wd/hub/session/2fc48a64-3414-414b-b96c-13614f79e8bf/element/d98616ea-3774-483e-b848-dad9fa564d26/location[39m
[35m[HTTP][39m [90m{}[39m
[35m[W3C (2fc48a64)][39m Driver proxy active, passing request on via HTTP proxy
[35m[WD Proxy][39m Replacing sessionId 4247d9d2-72a0-4246-81bd-7040090d5814 with 2fc48a64-3414-414b-b96c-13614f79e8bf
[35m[HTTP][39m [37m<-- GET /wd/hub/session/2fc48a64-3414-414b-b96c-13614f79e8bf/element/d98616ea-3774-483e-b848-dad9fa564d26/location [39m[32m200[39m [90m47 ms - 74[39m
[35m[HTTP][39m [90m[39m
[35m[HTTP][39m [37m-->[39m [37mPOST[39m [37m/wd/hub/session/2fc48a64-3414-414b-b96c-13614f79e8bf/touch/perform[39m
[35m[HTTP][39m [90m{"actions":[{"action":"tap","options":{"x":1,"y":1,"element":"d98616ea-3774-483e-b848-dad9fa564d26"}}]}[39m
[35m[UiAutomator2][39m calling get location: d98616ea-3774-483e-b848-dad9fa564d26
[35m[HTTP][39m [37m<-- POST /wd/hub/session/2fc48a64-3414-414b-b96c-13614f79e8bf/touch/perform [39m[32m200[39m [90m337 ms - 14[39m
[35m[HTTP][39m [90m[39m
[35m[HTTP][39m [37m-->[39m [37mGET[39m [37m/wd/hub/session/2fc48a64-3414-414b-b96c-13614f79e8bf/source[39m
[35m[HTTP][39m [90m{}[39m
[35m[W3C (2fc48a64)][39m Driver proxy active, passing request on via HTTP proxy
[35m[WD Proxy][39m Replacing sessionId 4247d9d2-72a0-4246-81bd-7040090d5814 with 2fc48a64-3414-414b-b96c-13614f79e8bf
[35m[HTTP][39m [37m<-- GET /wd/hub/session/2fc48a64-3414-414b-b96c-13614f79e8bf/source [39m[32m200[39m [90m79 ms - 2420[39m
[35m[HTTP][39m [90m[39m
[35m[HTTP][39m [37m-->[39m [37mGET[39m [37m/wd/hub/session/2fc48a64-3414-414b-b96c-13614f79e8bf/screenshot[39m
[35m[HTTP][39m [90m{}[39m
[35m[HTTP][39m [37m<-- GET /wd/hub/session/2fc48a64-3414-414b-b96c-13614f79e8bf/screenshot [39m[32m200[39m [90m1691 ms - 466306[39m
[35m[HTTP][39m [90m[39m
[35m[HTTP][39m [37m-->[39m [37mDELETE[39m [37m/wd/hub/session/2fc48a64-3414-414b-b96c-13614f79e8bf[39m
[35m[HTTP][39m [90m{}[39m
[35m[Appium][39m Removing session 2fc48a64-3414-414b-b96c-13614f79e8bf from our master session list
[35m[UiAutomator2][39m Restoring hidden api policy to the device default configuration
[35m[HTTP][39m [37m<-- DELETE /wd/hub/session/2fc48a64-3414-414b-b96c-13614f79e8bf [39m[32m200[39m [90m1371 ms - 14[39m
